1607521040.888825  - tagcounter - INFO - The program was started - 
1607521729.465760  - tagcounter - INFO - The program was started - 
1607521784.511937  - tagcounter - INFO - The program was started - 
1607521890.579983  - tagcounter - INFO - The program was started - 
1607521891.381368  - tagcounter - INFO - The new row was successfully added to DB for //adme - 
1607521903.542877  - tagcounter - INFO - The program was started - 
1607521909.512596  - tagcounter - INFO - The program was started - 
2020-12-09 16:58:50,445  - tagcounter - INFO - The program was started - {site}
2020-12-09 16:58:57,535  - tagcounter - INFO - The program was started - {site}
2020-12-09 16:59:00,665  - tagcounter - INFO - The program was started - {site}
2020-12-09 16:59:02,167  - tagcounter - INFO - The new row was successfully added to DB for //adme - {site}
2020-12-09 17:01:02,346  - tagcounter - INFO - The program was started - ${site}
2020-12-09 17:01:03,230  - tagcounter - INFO - The new row was successfully added to DB for //adme - ${site}
2020-12-09 17:01:30,409  - tagcounter - INFO - The program was started - $
2020-12-09 17:01:31,344  - tagcounter - INFO - The new row was successfully added to DB for //adme - $
2020-12-09 17:04:09,268  - tagcounter - $ - The program was started
2020-12-09 17:04:10,397  - tagcounter - $ - The new row was successfully added to DB for //adme
2020-12-10 10:46:37,317 - tagcounter - 
2020-12-10 10:46:38,720 - tagcounter - 
2020-12-10 10:46:38,729 - tagcounter - 
2020-12-10 10:46:38,735 - tagcounter - 
2020-12-10 15:53:51 http://adme.ru
2020-12-10 15:53:53 http://adme.ru
2020-12-10 15:53:53 http://adme.ru
